00012 : Unrecognized symbol loadi
00045 : Unrecognized symbol loadi
00054 : Unrecognized symbol loadi
00068 : Unrecognized symbol loadi
00077 : Unrecognized symbol loadi
00090 : Unrecognized symbol loadi
00094 : Unrecognized symbol loadi
00133 : Unrecognized symbol loadi
00136 : Unrecognized symbol loadi
00268 : Unrecognized symbol loadi
00472 : Unrecognized symbol loadi
00560 : Unrecognized symbol loadi
00594 : Unrecognized symbol loadi
00597 : Unrecognized symbol loadi
00600 : Unrecognized symbol loadi
00603 : Unrecognized symbol loadi
00630 : Unrecognized symbol loadi
00635 : Unrecognized symbol loadi
00643 : Unrecognized symbol loadi
00660 : Unrecognized symbol loadi
00670 : Unrecognized symbol loadi
00676 : Unrecognized symbol loadi
00679 : Unrecognized symbol loadi
00683 : Unrecognized symbol loadi
00685 : Unrecognized symbol loadi
00720 : Unrecognized symbol loadi
00724 : Unrecognized symbol loadi
00743 : Unrecognized symbol loadi
00749 : Unrecognized symbol loadi
00754 : Unrecognized symbol loadi
00773 : Unrecognized symbol loadi
00780 : Unrecognized symbol loadi
00791 : Unrecognized symbol loadi
00892 : Unrecognized symbol loadi
00913 : Unrecognized symbol loadi
00931 : Unrecognized symbol loadi
00949 : Unrecognized symbol loadi
00962 : Unrecognized symbol loadi
00969 : Unrecognized symbol loadi
00972 : Unrecognized symbol loadi
00988 : Unrecognized symbol loadi
00990 : Unrecognized symbol loadi
01062 : Unrecognized symbol loadi
01077 : Unrecognized symbol loadi
01092 : Unrecognized symbol loadi
01106 : Unrecognized symbol loadi
01128 : Unrecognized symbol loadi
00221 : Undefined symbol wait1!
00612 : Undefined symbol wait1!
00753 : Undefined symbol wait1!
00758 : Undefined symbol wait1!
00967 : Undefined symbol reg3!
00980 : Undefined symbol skip!
00981 : Undefined symbol skip!
01060 : Undefined symbol east!
01071 : Undefined symbol north!
01088 : Undefined symbol south!
